<?xml version="1.0" encoding="UTF-8"?>
<!-- Generated by org.testng.reporters.JUnitReportReporter -->
<testsuite skipped="0" hostname="PeopleNTechs-iMac.local" name="search.TestSearch" tests="1" failures="0" timestamp="15 Apr 2018 18:05:02 GMT" time="0.006" errors="0">
  <testcase name="test2" time="0.006" classname="search.TestSearch"/>
</testsuite> <!-- search.TestSearch -->
