<?xml version="1.0" encoding="UTF-8"?>
<!-- Generated by org.testng.reporters.JUnitReportReporter -->
<testsuite skipped="0" hostname="PeopleNTechs-iMac.local" name="menu.TestDropDownMenu" tests="1" failures="0" timestamp="22 Apr 2018 15:10:01 GMT" time="11.914" errors="0">
  <testcase name="menu" time="11.914" classname="menu.TestDropDownMenu"/>
</testsuite> <!-- menu.TestDropDownMenu -->
