<?xml version="1.0" encoding="UTF-8"?>
<!-- Generated by org.testng.reporters.JUnitReportReporter -->
<testsuite skipped="0" hostname="PeopleNTechs-iMac.local" name="test.authentication.TestAuthentication" tests="1" failures="0" timestamp="22 Apr 2018 15:10:17 GMT" time="14.053" errors="0">
  <testcase name="logIn" time="14.053" classname="test.authentication.TestAuthentication"/>
</testsuite> <!-- test.authentication.TestAuthentication -->
